<?xml version='1.0' encoding='UTF-8'?>
<testsuite hostname="kaiyins-mbp" name="tutorial.webapp.TutorialTest" tests="4" errors="0" failures="1" time="0.0">
                     <properties>
[...]
</properties>
                     <testcase classname="tutorial.webapp.TutorialTest" name="" time="0.0">
                                                 
                                               </testcase><testcase classname="tutorial.webapp.TutorialTest" name="" time="0.0">
                                                 
                                               </testcase><testcase classname="tutorial.webapp.TutorialTest" name="" time="0.0">
                                                 <failure message="assert(messageCount == c)
c: Int = 1" type="org.scalajs.testadapter.RemoteException">utest.AssertionError: assert(messageCount == c)
c: Int = 1
	at &lt;jscode&gt;.(https://raw.githubusercontent.com/scala-js/scala-js/v0.6.5/library/src/main/scala/scala/scalajs/runtime/StackTrace.scala:39)
	at &lt;jscode&gt;.(https://raw.githubusercontent.com/scala-js/scala-js/v0.6.5/library/src/main/scala/scala/scalajs/runtime/StackTrace.scala:33)
	at &lt;jscode&gt;.(https://raw.githubusercontent.com/scala-js/scala-js/v0.6.5/javalanglib/src/main/scala/java/lang/Throwables.scala:24)
	at &lt;jscode&gt;.(https://raw.githubusercontent.com/scala-js/scala-js/v0.6.5/javalanglib/src/main/scala/java/lang/Throwables.scala:12)
	at &lt;jscode&gt;.(file:/Users/haoyi/Dropbox%20(Personal)/Workspace/utest-new/utest/js/../shared/src/main/scala/utest/framework/Errors.scala:20)
	at &lt;jscode&gt;.(file:/Users/haoyi/Dropbox%20(Personal)/Workspace/utest-new/utest/js/../shared/src/main/scala/utest/asserts/package.scala:19)
	at &lt;jscode&gt;.(file:/Users/haoyi/Dropbox%20(Personal)/Workspace/utest-new/utest/js/../shared/src/main/scala/utest/asserts/package.scala:38)
	at &lt;jscode&gt;.(https://raw.githubusercontent.com/scala-js/scala-js/v0.6.5/library/src/main/scala/scala/scalajs/runtime/AnonFunctions.scala:15)
	at &lt;jscode&gt;.(file:/Users/haoyi/Dropbox%20(Personal)/Workspace/utest-new/utest/js/../shared/src/main/scala/utest/asserts/Asserts.scala:74)
	at &lt;jscode&gt;.(https://raw.githubusercontent.com/scala-js/scala-js/v0.6.5/library/src/main/scala/scala/scalajs/runtime/AnonFunctions.scala:15)
	at &lt;jscode&gt;.(https://raw.githubusercontent.com/scala/scala/v2.11.7/src/library/scala/collection/IndexedSeqOptimized.scala:33)
	at &lt;jscode&gt;.(https://raw.githubusercontent.com/scala-js/scala-js/v0.6.5/library/src/main/scala/scala/scalajs/js/WrappedArray.scala:20)
	at &lt;jscode&gt;.(file:/Users/haoyi/Dropbox%20(Personal)/Workspace/utest-new/utest/js/../shared/src/main/scala/utest/asserts/Asserts.scala:72)
	at &lt;jscode&gt;.(file:/Users/kaiyin/personal_config_bin_files/workspace/scalajsLearn/src/test/scala/tutorial/webapp/TutorialTest.scala:32)
	at &lt;jscode&gt;.(https://raw.githubusercontent.com/scala-js/scala-js/v0.6.5/scalalib/overrides-2.11/scala/collection/immutable/Range.scala:160)
	at &lt;jscode&gt;.(file:/Users/kaiyin/personal_config_bin_files/workspace/scalajsLearn/src/test/scala/tutorial/webapp/TutorialTest.scala:28)
	at &lt;jscode&gt;.(file:/Users/kaiyin/personal_config_bin_files/workspace/scalajsLearn/src/test/scala/tutorial/webapp/TutorialTest.scala:12)
	at &lt;jscode&gt;.(file:/Users/haoyi/Dropbox%20(Personal)/Workspace/utest-new/utest/js/../shared/src/main/scala/utest/framework/Model.scala:166)
	at &lt;jscode&gt;.(file:/Users/haoyi/Dropbox%20(Personal)/Workspace/utest-new/utest/js/../shared/src/main/scala/utest/framework/Model.scala:164)
	at &lt;jscode&gt;.(file:/Users/haoyi/Dropbox%20(Personal)/Workspace/utest-new/utest/js/../shared/src/main/scala/utest/framework/Model.scala:61)
	at &lt;jscode&gt;.(https://raw.githubusercontent.com/scala-js/scala-js/v0.6.5/library/src/main/scala/scala/scalajs/runtime/AnonFunctions.scala:10)
	at &lt;jscode&gt;.(https://raw.githubusercontent.com/scala/scala/v2.11.7/src/library/scala/util/Try.scala:192)
	at &lt;jscode&gt;.(file:/Users/haoyi/Dropbox%20(Personal)/Workspace/utest-new/utest/js/../shared/src/main/scala/utest/framework/Model.scala:61)
	at &lt;jscode&gt;.(file:/Users/haoyi/Dropbox%20(Personal)/Workspace/utest-new/utest/js/../shared/src/main/scala/utest/framework/Model.scala:61)
	at &lt;jscode&gt;.(https://raw.githubusercontent.com/scala/scala/v2.11.7/src/library/scala/Option.scala:158)
	at &lt;jscode&gt;.(file:/Users/haoyi/Dropbox%20(Personal)/Workspace/utest-new/utest/js/../shared/src/main/scala/utest/framework/Model.scala:61)
	at &lt;jscode&gt;.(file:/Users/haoyi/Dropbox%20(Personal)/Workspace/utest-new/utest/js/../shared/src/main/scala/utest/framework/Model.scala:61)
	at &lt;jscode&gt;.(https://raw.githubusercontent.com/scala/scala/v2.11.7/src/library/scala/util/Try.scala:237)
	at &lt;jscode&gt;.(https://raw.githubusercontent.com/scala/scala/v2.11.7/src/library/scala/util/Try.scala:237)
	at &lt;jscode&gt;.(https://raw.githubusercontent.com/scala-js/scala-js/v0.6.5/library/src/main/scala/scala/scalajs/runtime/AnonFunctions.scala:10)
	at &lt;jscode&gt;.(https://raw.githubusercontent.com/scala/scala/v2.11.7/src/library/scala/util/Try.scala:192)
	at &lt;jscode&gt;.(https://raw.githubusercontent.com/scala/scala/v2.11.7/src/library/scala/util/Try.scala:237)
	at &lt;jscode&gt;.(https://raw.githubusercontent.com/scala/scala/v2.11.7/src/library/scala/concurrent/Future.scala:235)
	at &lt;jscode&gt;.(https://raw.githubusercontent.com/scala/scala/v2.11.7/src/library/scala/concurrent/Future.scala:235)
	at &lt;jscode&gt;.(https://raw.githubusercontent.com/scala-js/scala-js/v0.6.5/library/src/main/scala/scala/scalajs/runtime/AnonFunctions.scala:15)
	at &lt;jscode&gt;.(https://raw.githubusercontent.com/scala/scala/v2.11.7/src/library/scala/concurrent/impl/Promise.scala:32)
	at &lt;jscode&gt;.(file:/Users/haoyi/Dropbox%20(Personal)/Workspace/utest-new/utest/js/../shared/src/main/scala/utest/framework/ExecutionContext.scala:16)
	at &lt;jscode&gt;.(https://raw.githubusercontent.com/scala/scala/v2.11.7/src/library/scala/concurrent/impl/Promise.scala:40)
	at &lt;jscode&gt;.(https://raw.githubusercontent.com/scala/scala/v2.11.7/src/library/scala/concurrent/impl/Promise.scala:280)
	at &lt;jscode&gt;.(https://raw.githubusercontent.com/scala/scala/v2.11.7/src/library/scala/concurrent/impl/Promise.scala:270)
	at &lt;jscode&gt;.(https://raw.githubusercontent.com/scala/scala/v2.11.7/src/library/scala/concurrent/Future.scala:235)
	at &lt;jscode&gt;.(https://raw.githubusercontent.com/scala/scala/v2.11.7/src/library/scala/concurrent/impl/Promise.scala:153)
	at &lt;jscode&gt;.(file:/Users/haoyi/Dropbox%20(Personal)/Workspace/utest-new/utest/js/../shared/src/main/scala/utest/framework/Model.scala:61)
	at &lt;jscode&gt;.(file:/Users/haoyi/Dropbox%20(Personal)/Workspace/utest-new/utest/js/../shared/src/main/scala/utest/framework/Model.scala:59)
	at &lt;jscode&gt;.(https://raw.githubusercontent.com/scala/scala/v2.11.7/src/library/scala/concurrent/impl/Future.scala:24)
	at &lt;jscode&gt;.(https://raw.githubusercontent.com/scala/scala/v2.11.7/src/library/scala/concurrent/impl/Future.scala:23)
	at &lt;jscode&gt;.(file:/Users/haoyi/Dropbox%20(Personal)/Workspace/utest-new/utest/js/../shared/src/main/scala/utest/framework/ExecutionContext.scala:16)
	at &lt;jscode&gt;.(https://raw.githubusercontent.com/scala/scala/v2.11.7/src/library/scala/concurrent/impl/Future.scala:31)
	at &lt;jscode&gt;.(https://raw.githubusercontent.com/scala/scala/v2.11.7/src/library/scala/concurrent/Future.scala:492)
	at &lt;jscode&gt;.(file:/Users/haoyi/Dropbox%20(Personal)/Workspace/utest-new/utest/js/../shared/src/main/scala/utest/framework/Model.scala:107)
	at &lt;jscode&gt;.(file:/Users/haoyi/Dropbox%20(Personal)/Workspace/utest-new/utest/js/../shared/src/main/scala/utest/framework/Model.scala:82)
	at &lt;jscode&gt;.(file:/Users/haoyi/Dropbox%20(Personal)/Workspace/utest-new/utest/js/../shared/src/main/scala/utest/framework/Model.scala:81)
	at &lt;jscode&gt;.(https://raw.githubusercontent.com/scala/scala/v2.11.7/src/library/scala/Option.scala:158)
	at &lt;jscode&gt;.(file:/Users/haoyi/Dropbox%20(Personal)/Workspace/utest-new/utest/js/../shared/src/main/scala/utest/framework/Model.scala:81)
	at &lt;jscode&gt;.(file:/Users/haoyi/Dropbox%20(Personal)/Workspace/utest-new/utest/js/../shared/src/main/scala/utest/framework/Model.scala:83)
	at &lt;jscode&gt;.(https://raw.githubusercontent.com/scala-js/scala-js/v0.6.5/library/src/main/scala/scala/scalajs/runtime/AnonFunctions.scala:15)
	at &lt;jscode&gt;.(https://raw.githubusercontent.com/scala/scala/v2.11.7/src/library/scala/concurrent/Future.scala:251)
	at &lt;jscode&gt;.(https://raw.githubusercontent.com/scala/scala/v2.11.7/src/library/scala/concurrent/Future.scala:249)
	at &lt;jscode&gt;.(https://raw.githubusercontent.com/scala-js/scala-js/v0.6.5/library/src/main/scala/scala/scalajs/runtime/AnonFunctions.scala:15)
	at &lt;jscode&gt;.(https://raw.githubusercontent.com/scala/scala/v2.11.7/src/library/scala/concurrent/impl/Promise.scala:32)
	at &lt;jscode&gt;.(file:/Users/haoyi/Dropbox%20(Personal)/Workspace/utest-new/utest/js/../shared/src/main/scala/utest/framework/ExecutionContext.scala:16)
	at &lt;jscode&gt;.(https://raw.githubusercontent.com/scala/scala/v2.11.7/src/library/scala/concurrent/impl/Promise.scala:40)
	at &lt;jscode&gt;.(https://raw.githubusercontent.com/scala/scala/v2.11.7/src/library/scala/concurrent/impl/Promise.scala:280)
	at &lt;jscode&gt;.(https://raw.githubusercontent.com/scala/scala/v2.11.7/src/library/scala/concurrent/impl/Promise.scala:270)
	at &lt;jscode&gt;.(https://raw.githubusercontent.com/scala/scala/v2.11.7/src/library/scala/concurrent/Future.scala:249)
	at &lt;jscode&gt;.(https://raw.githubusercontent.com/scala/scala/v2.11.7/src/library/scala/concurrent/impl/Promise.scala:153)
	at &lt;jscode&gt;.(file:/Users/haoyi/Dropbox%20(Personal)/Workspace/utest-new/utest/js/../shared/src/main/scala/utest/framework/Model.scala:82)
	at &lt;jscode&gt;.(file:/Users/haoyi/Dropbox%20(Personal)/Workspace/utest-new/utest/js/../shared/src/main/scala/utest/framework/Model.scala:81)
	at &lt;jscode&gt;.(https://raw.githubusercontent.com/scala/scala/v2.11.7/src/library/scala/Option.scala:158)
	at &lt;jscode&gt;.(file:/Users/haoyi/Dropbox%20(Personal)/Workspace/utest-new/utest/js/../shared/src/main/scala/utest/framework/Model.scala:81)
	at &lt;jscode&gt;.(file:/Users/haoyi/Dropbox%20(Personal)/Workspace/utest-new/utest/js/../shared/src/main/scala/utest/framework/Model.scala:88)
	at &lt;jscode&gt;.(file:/Users/haoyi/Dropbox%20(Personal)/Workspace/utest-new/utest/js/../shared/src/main/scala/utest/framework/Model.scala:59)
	at &lt;jscode&gt;.(https://raw.githubusercontent.com/scala/scala/v2.11.7/src/library/scala/concurrent/impl/Future.scala:24)
	at &lt;jscode&gt;.(https://raw.githubusercontent.com/scala/scala/v2.11.7/src/library/scala/concurrent/impl/Future.scala:23)
	at &lt;jscode&gt;.(file:/Users/haoyi/Dropbox%20(Personal)/Workspace/utest-new/utest/js/../shared/src/main/scala/utest/framework/ExecutionContext.scala:16)
	at &lt;jscode&gt;.(https://raw.githubusercontent.com/scala/scala/v2.11.7/src/library/scala/concurrent/impl/Future.scala:31)
	at &lt;jscode&gt;.(https://raw.githubusercontent.com/scala/scala/v2.11.7/src/library/scala/concurrent/Future.scala:492)
	at &lt;jscode&gt;.(file:/Users/haoyi/Dropbox%20(Personal)/Workspace/utest-new/utest/js/../shared/src/main/scala/utest/framework/Model.scala:107)
	at &lt;jscode&gt;.(file:/Users/haoyi/Dropbox%20(Personal)/Workspace/utest-new/utest/js/../shared/src/main/scala/utest/framework/Model.scala:133)
	at &lt;jscode&gt;.(file:/Users/haoyi/Dropbox%20(Personal)/Workspace/utest-new/utest/js/../shared/src/main/scala/utest/package.scala:135)
	at &lt;jscode&gt;.(file:/Users/haoyi/Dropbox%20(Personal)/Workspace/utest-new/utest/js/../shared/src/main/scala/utest/runner/BaseRunner.scala:70)
	at &lt;jscode&gt;.(file:/Users/haoyi/Dropbox%20(Personal)/Workspace/utest-new/utest/js/../shared/src/main/scala/utest/runner/BaseRunner.scala:95)
	at &lt;jscode&gt;.(https://raw.githubusercontent.com/scala-js/scala-js/v0.6.5/library/src/main/scala/scala/scalajs/runtime/AnonFunctions.scala:30)
	at &lt;jscode&gt;.(file:/Users/haoyi/Dropbox%20(Personal)/Workspace/utest-new/utest/js/../shared/src/main/scala/utest/runner/Task.scala:48)
	at &lt;jscode&gt;.(file:/Users/haoyi/Dropbox%20(Personal)/Workspace/utest-new/utest/js/../shared/src/main/scala/utest/runner/Task.scala:31)
	at &lt;jscode&gt;.(https://raw.githubusercontent.com/scala-js/scala-js/v0.6.0/test-interface/src/main/scala/org/scalajs/testinterface/internal/Slave.scala:104)
	at &lt;jscode&gt;.(https://raw.githubusercontent.com/scala-js/scala-js/v0.6.0/test-interface/src/main/scala/org/scalajs/testinterface/internal/Slave.scala:104)
	at &lt;jscode&gt;.(https://raw.githubusercontent.com/scala-js/scala-js/v0.6.5/library/src/main/scala/scala/scalajs/runtime/AnonFunctions.scala:10)
	at &lt;jscode&gt;.(https://raw.githubusercontent.com/scala/scala/v2.11.7/src/library/scala/util/Try.scala:192)
	at &lt;jscode&gt;.(https://raw.githubusercontent.com/scala-js/scala-js/v0.6.0/test-interface/src/main/scala/org/scalajs/testinterface/internal/Slave.scala:104)
	at &lt;jscode&gt;.(https://raw.githubusercontent.com/scala-js/scala-js/v0.6.0/test-interface/src/main/scala/org/scalajs/testinterface/internal/Slave.scala:36)
	at &lt;jscode&gt;.(https://raw.githubusercontent.com/scala-js/scala-js/v0.6.0/test-interface/src/main/scala/org/scalajs/testinterface/internal/Slave.scala:31)
	at &lt;jscode&gt;.(https://raw.githubusercontent.com/scala-js/scala-js/v0.6.5/library/src/main/scala/scala/scalajs/runtime/AnonFunctions.scala:10)
	at &lt;jscode&gt;.(https://raw.githubusercontent.com/scala-js/scala-js/v0.6.0/test-interface/src/main/scala/org/scalajs/testinterface/internal/Slave.scala:69)
	at &lt;jscode&gt;.(https://raw.githubusercontent.com/scala-js/scala-js/v0.6.0/test-interface/src/main/scala/org/scalajs/testinterface/internal/Slave.scala:30)
	at &lt;jscode&gt;.(https://raw.githubusercontent.com/scala-js/scala-js/v0.6.0/test-interface/src/main/scala/org/scalajs/testinterface/internal/BridgeBase.scala:34)
	at &lt;jscode&gt;.(https://raw.githubusercontent.com/scala-js/scala-js/v0.6.0/test-interface/src/main/scala/org/scalajs/testinterface/internal/BridgeBase.scala:19)
	at &lt;jscode&gt;.(https://raw.githubusercontent.com/scala-js/scala-js/v0.6.0/test-interface/src/main/scala/org/scalajs/testinterface/internal/BridgeBase.scala:19)
</failure>
                                               </testcase><testcase classname="tutorial.webapp.TutorialTest" name="" time="0.0">
                                                 
                                               </testcase>
                     <system-out></system-out>
                     <system-err></system-err>
                   </testsuite>